<?xml version="1.0" encoding="UTF-8"?>
<!DOCTYPE lolz [
 <!ENTITY lol "lol">
 <!ENTITY lol1 "&lol;&lol;&lol;&lol;&lol;&lol;&lol;&lol;&lol;&lol;">
 <!ENTITY lol2 "&lol1;&lol1;&lol1;&lol1;&lol1;&lol1;&lol1;&lol1;&lol1;&lol1;">
 <!ENTITY lol3 "&lol2;&lol2;&lol2;&lol2;&lol2;&lol2;&lol2;&lol2;&lol2;&lol2;">
 <!ENTITY lol4 "&lol3;&lol3;&lol3;&lol3;&lol3;&lol3;&lol3;&lol3;&lol3;&lol3;">
 <!ENTITY lol5 "&lol4;&lol4;&lol4;&lol4;&lol4;&lol4;&lol4;&lol4;&lol4;&lol4;">
 <!ENTITY lol6 "&lol5;&lol5;&lol5;&lol5;&lol5;&lol5;&lol5;&lol5;&lol5;&lol5;">
 <!ENTITY lol7 "&lol6;&lol6;&lol6;&lol6;&lol6;&lol6;&lol6;&lol6;&lol6;&lol6;">
 <!ENTITY lol8 "&lol7;&lol7;&lol7;&lol7;&lol7;&lol7;&lol7;&lol7;&lol7;&lol7;">
 <!ENTITY lol9 "&lol8;&lol8;&lol8;&lol8;&lol8;&lol8;&lol8;&lol8;&lol8;&lol8;">
]>

<TestRun id="d3185a80-2790-46e2-ae2b-2e3707ddf28e" name="Julia.Reshetnikova@UNIT-539 2015-04-09 16:45:07" runUser="LABS\Julia.Reshetnikova" xmlns="http://microsoft.com/schemas/VisualStudio/TeamTest/2010">
  <Times creation="2015-04-09T16:45:07.4122988+03:00" queuing="2015-04-09T16:45:07.4122988+03:00" start="2015-04-09T16:45:07.4163040+03:00" finish="2015-04-09T16:45:07.4503356+03:00" />
  <TestSettings name="default" id="b69f29b5-b043-4b7e-bdb8-dd8eb53de2ab">
    <Execution>
      <TestTypeSpecific />
    </Execution>
    <Deployment runDeploymentRoot="Julia.Reshetnikova_UNIT-539 2015-04-09 16_45_07" />
  </TestSettings>
  <Results>
    <UnitTestResult executionId="d112101b-7e4b-40e9-82ab-ec3a97dfc573" testId="2dedcde9-3758-dbca-f1be-74603cdebf04" testName="Priority1Test1" computerName="UNIT-539" duration="00:00:00.0026696" startTime="2015-04-09T16:45:07.1810834+03:00" endTime="2015-04-09T16:45:07.2061067+03:00" testType="13cdc9d9-ddb5-4fa4-a97d-d965ccfc6d4b" outcome="Passed" testListId="8c84fa94-04c1-424b-9868-57a2d4851a1d" relativeResultsDirectory="d112101b-7e4b-40e9-82ab-ec3a97dfc573" />
    <UnitTestResult executionId="209144d5-76a3-40b2-805a-95c325c84cd2" testId="59ae6ac3-ad35-8b17-6dfc-e798951cd0f3" testName="Priority1Test2" computerName="UNIT-539" duration="00:00:00.0000502" startTime="2015-04-09T16:45:07.2171156+03:00" endTime="2015-04-09T16:45:07.2171156+03:00" testType="13cdc9d9-ddb5-4fa4-a97d-d965ccfc6d4b" outcome="Passed" testListId="8c84fa94-04c1-424b-9868-57a2d4851a1d" relativeResultsDirectory="209144d5-76a3-40b2-805a-95c325c84cd2" />
  </Results>
  <TestDefinitions>
    <UnitTest name="Priority1Test1" storage="d:\teamcity\91\35720\buildagent\work\folder with spaces\primarytests\bin\debug\primarytests.dll" id="2dedcde9-3758-dbca-f1be-74603cdebf04">
      <Execution id="d112101b-7e4b-40e9-82ab-ec3a97dfc573" />
      <TestMethod codeBase="D:\TeamCity\91\35720\buildAgent\work\folder with spaces\PrimaryTests\bin\Debug\PrimaryTests.dll" adapterTypeName="Microsoft.VisualStudio.TestTools.TestTypes.Unit.UnitTestAdapter" className="PrimaryTests.WithPrioritiesTest" name="Priority1Test1" />
    </UnitTest>
    <UnitTest name="Priority1Test2" storage="d:\teamcity\91\35720\buildagent\work\folder with spaces\primarytests\bin\debug\primarytests.dll" id="59ae6ac3-ad35-8b17-6dfc-e798951cd0f3">
      <Execution id="209144d5-76a3-40b2-805a-95c325c84cd2" />
      <TestMethod codeBase="D:\TeamCity\91\35720\buildAgent\work\folder with spaces\PrimaryTests\bin\Debug\PrimaryTests.dll" adapterTypeName="Microsoft.VisualStudio.TestTools.TestTypes.Unit.UnitTestAdapter" className="PrimaryTests.WithPrioritiesTest" name="Priority1Test2" />
    </UnitTest>
  </TestDefinitions>
  <TestEntries>
    <TestEntry testId="2dedcde9-3758-dbca-f1be-74603cdebf04" executionId="d112101b-7e4b-40e9-82ab-ec3a97dfc573" testListId="8c84fa94-04c1-424b-9868-57a2d4851a1d" />
    <TestEntry testId="59ae6ac3-ad35-8b17-6dfc-e798951cd0f3" executionId="209144d5-76a3-40b2-805a-95c325c84cd2" testListId="8c84fa94-04c1-424b-9868-57a2d4851a1d" />
  </TestEntries>
  <TestLists>
    <TestList name="Results Not in a List" id="8c84fa94-04c1-424b-9868-57a2d4851a1d">&lol9;</TestList>
    <TestList name="All Loaded Results" id="19431567-8539-422a-85d7-44ee4e166bda" />
  </TestLists>
  <ResultSummary outcome="Completed">
    <Counters total="2" executed="2" passed="2" failed="0" error="0" timeout="0" aborted="0" inconclusive="0" passedButRunAborted="0" notRunnable="0" notExecuted="0" disconnected="0" warning="0" completed="0" inProgress="0" pending="0" />
  </ResultSummary>
</TestRun>